2026-06-23 17:55:42,900 - flexurl - INFO - Application starting up...
2026-06-23 17:55:42,900 - flexurl - INFO - Initializing database schema...
2026-06-23 17:55:42,970 - flexurl - INFO - Database schema initialized successfully.
2026-06-23 17:55:42,972 - flexurl - INFO - Launching background daily report scheduler...
2026-06-23 17:55:51,216 - flexurl - INFO - Application starting up...
2026-06-23 17:55:51,216 - flexurl - INFO - Initializing database schema...
2026-06-23 17:55:51,282 - flexurl - INFO - Database schema initialized successfully.
2026-06-23 17:55:51,282 - flexurl - INFO - Launching background daily report scheduler...
2026-06-23 17:55:55,089 - flexurl - INFO - Firebase Admin SDK initialized successfully.
2026-06-23 17:55:55,152 - flexurl - INFO - Application starting up...
2026-06-23 17:55:55,152 - flexurl - INFO - Initializing database schema...
2026-06-23 17:55:55,209 - flexurl - INFO - Database schema initialized successfully.
2026-06-23 17:55:55,209 - flexurl - INFO - Launching background daily report scheduler...
2026-06-23 17:56:05,231 - flexurl - INFO - Firebase Admin SDK initialized successfully.
2026-06-23 17:56:05,397 - flexurl - INFO - Application starting up...
2026-06-23 17:56:05,397 - flexurl - INFO - Initializing database schema...
2026-06-23 17:56:05,564 - flexurl - INFO - Database schema initialized successfully.
2026-06-23 17:56:05,564 - flexurl - INFO - Launching background daily report scheduler...
2026-06-23 17:56:11,700 - flexurl - INFO - Firebase Admin SDK initialized successfully.
2026-06-23 17:56:11,767 - flexurl - INFO - Application starting up...
2026-06-23 17:56:11,767 - flexurl - INFO - Initializing database schema...
2026-06-23 17:56:11,834 - flexurl - INFO - Database schema initialized successfully.
2026-06-23 17:56:11,835 - flexurl - INFO - Launching background daily report scheduler...
2026-06-23 18:14:37,632 - flexurl - INFO - Firebase Admin SDK initialized successfully.
2026-06-23 18:14:37,709 - flexurl - INFO - Application starting up...
2026-06-23 18:14:37,709 - flexurl - INFO - Launching background daily report scheduler...
